  png_loader.cpp
  ObjLoader.cpp
d:\user data\downloads\opengl_hw_3d-master\opengl_5\objloader.cpp(10): warning C4996: 'fopen': This function or variable may be unsafe. Consider using fopen_s instead. To disable deprecation, use _CRT_SECURE_NO_WARNINGS. See online help for details.
  c:\program files (x86)\windows kits\10\include\10.0.10240.0\ucrt\stdio.h(205): note: 請參閱 'fopen' 的宣告
d:\user data\downloads\opengl_hw_3d-master\opengl_5\objloader.cpp(17): warning C4996: 'fscanf': This function or variable may be unsafe. Consider using fscanf_s instead. To disable deprecation, use _CRT_SECURE_NO_WARNINGS. See online help for details.
  c:\program files (x86)\windows kits\10\include\10.0.10240.0\ucrt\stdio.h(1193): note: 請參閱 'fscanf' 的宣告
d:\user data\downloads\opengl_hw_3d-master\opengl_5\objloader.cpp(19): warning C4996: 'fscanf': This function or variable may be unsafe. Consider using fscanf_s instead. To disable deprecation, use _CRT_SECURE_NO_WARNINGS. See online help for details.
  c:\program files (x86)\windows kits\10\include\10.0.10240.0\ucrt\stdio.h(1193): note: 請參閱 'fscanf' 的宣告
d:\user data\downloads\opengl_hw_3d-master\opengl_5\objloader.cpp(25): warning C4996: 'fscanf': This function or variable may be unsafe. Consider using fscanf_s instead. To disable deprecation, use _CRT_SECURE_NO_WARNINGS. See online help for details.
  c:\program files (x86)\windows kits\10\include\10.0.10240.0\ucrt\stdio.h(1193): note: 請參閱 'fscanf' 的宣告
d:\user data\downloads\opengl_hw_3d-master\opengl_5\objloader.cpp(32): warning C4996: 'fscanf': This function or variable may be unsafe. Consider using fscanf_s instead. To disable deprecation, use _CRT_SECURE_NO_WARNINGS. See online help for details.
  c:\program files (x86)\windows kits\10\include\10.0.10240.0\ucrt\stdio.h(1193): note: 請參閱 'fscanf' 的宣告
d:\user data\downloads\opengl_hw_3d-master\opengl_5\objloader.cpp(40): warning C4996: 'fscanf': This function or variable may be unsafe. Consider using fscanf_s instead. To disable deprecation, use _CRT_SECURE_NO_WARNINGS. See online help for details.
  c:\program files (x86)\windows kits\10\include\10.0.10240.0\ucrt\stdio.h(1193): note: 請參閱 'fscanf' 的宣告
d:\user data\downloads\opengl_hw_3d-master\opengl_5\objloader.cpp(48): warning C4996: 'fscanf': This function or variable may be unsafe. Consider using fscanf_s instead. To disable deprecation, use _CRT_SECURE_NO_WARNINGS. See online help for details.
  c:\program files (x86)\windows kits\10\include\10.0.10240.0\ucrt\stdio.h(1193): note: 請參閱 'fscanf' 的宣告
  InitShader.cpp
  HW2.cpp
d:\user data\downloads\opengl_hw_3d-master\opengl_5\hw2.cpp(340): warning C4305: '=': 從 'double' 轉換為 'GLfloat'，是由較大的類型轉換為較小的類型，可能導致資料遺失
  Timer.cpp
  Room1.cpp
d:\user data\downloads\opengl_hw_3d-master\opengl_5\common\room1.cpp(46): warning C4244: '引數': 將 'double' 轉換為 'GLfloat'，由於類型不同，可能導致資料遺失
d:\user data\downloads\opengl_hw_3d-master\opengl_5\common\room1.cpp(125): warning C4305: '引數': 從 'double' 轉換為 'GLfloat'，是由較大的類型轉換為較小的類型，可能導致資料遺失
d:\user data\downloads\opengl_hw_3d-master\opengl_5\common\room1.cpp(155): warning C4305: '引數': 從 'double' 轉換為 'GLfloat'，是由較大的類型轉換為較小的類型，可能導致資料遺失
d:\user data\downloads\opengl_hw_3d-master\opengl_5\common\room1.cpp(165): warning C4305: '引數': 從 'double' 轉換為 'GLfloat'，是由較大的類型轉換為較小的類型，可能導致資料遺失
d:\user data\downloads\opengl_hw_3d-master\opengl_5\common\room1.cpp(175): warning C4305: '引數': 從 'double' 轉換為 'GLfloat'，是由較大的類型轉換為較小的類型，可能導致資料遺失
  Room.cpp
  ModelPool.cpp
  CWireSphere.cpp
  CWireCube.cpp
  CSolidSphere.cpp
  CSolidCube.cpp
  CShape.cpp
  CQuad.cpp
  common.cpp
  CLineSegment.cpp
  CChecker.cpp
  CCamera.cpp
  C2DSprite.cpp
  正在產生程式碼...
d:\user data\downloads\opengl_hw_3d-master\opengl_5\objloader.cpp(75): warning C4715: 'LoadObj': 不是所有控制路徑都傳回值
  SOIL.lib(SOIL.obj) : 找到 MSIL .netmodule 或以 /GL 編譯的模組。請以 /LTCG 重新啟動連結，將 /LTCG 加入連結命令列以提升連結器效能
LINK : warning LNK4075: 忽略 '/INCREMENTAL'，由於 '/LTCG' 規格
C2DSprite.obj : warning LNK4075: 忽略 '/EDITANDCONTINUE'，由於 '/OPT:LBR' 規格
LINK : warning LNK4098: 預設的程式庫 'MSVCRT' 與其他使用的程式庫衝突，請使用 /NODEFAULTLIB:library
  正在產生程式碼
  已完成程式碼產生
SOIL.lib(SOIL.obj) : warning LNK4099: 找不到 PDB 'vc110.pdb' (有 'SOIL.lib(SOIL.obj)' 或位於 'D:\User Data\Downloads\OpenGL_HW_3D-master\Debug\vc110.pdb')，當做沒有偵錯資訊，連結物件
SOIL.lib(stb_image_aug.obj) : warning LNK4099: 找不到 PDB 'vc110.pdb' (有 'SOIL.lib(stb_image_aug.obj)' 或位於 'D:\User Data\Downloads\OpenGL_HW_3D-master\Debug\vc110.pdb')，當做沒有偵錯資訊，連結物件
SOIL.lib(image_helper.obj) : warning LNK4099: 找不到 PDB 'vc110.pdb' (有 'SOIL.lib(image_helper.obj)' 或位於 'D:\User Data\Downloads\OpenGL_HW_3D-master\Debug\vc110.pdb')，當做沒有偵錯資訊，連結物件
SOIL.lib(image_DXT.obj) : warning LNK4099: 找不到 PDB 'vc110.pdb' (有 'SOIL.lib(image_DXT.obj)' 或位於 'D:\User Data\Downloads\OpenGL_HW_3D-master\Debug\vc110.pdb')，當做沒有偵錯資訊，連結物件
  OpenGL_5.vcxproj -> D:\User Data\Downloads\OpenGL_HW_3D-master\Debug\OpenGL_5.exe
  OpenGL_5.vcxproj -> D:\User Data\Downloads\OpenGL_HW_3D-master\Debug\OpenGL_5.pdb (Full PDB)
